<?xml version='1.0'?>
<!-- junit report placeholder -->
